This file contains any messages produced by compilers while
running configure, to aid debugging if configure makes a mistake.

It was created by GStreamer GObject Introspection overrides for Python  configure 1.8.2, which was
generated by GNU Autoconf 2.69.  Invocation command line was

  $ ./configure --prefix=/usr

## --------- ##
## Platform. ##
## --------- ##

hostname = ubuntu-VirtualBox
uname -m = x86_64
uname -r = 4.13.0-43-generic
uname -s = Linux
uname -v = #48-Ubuntu SMP Wed May 16 12:18:48 UTC 2018

/usr/bin/uname -p = unknown
/bin/uname -X     = unknown

/bin/arch              = unknown
/usr/bin/arch -k       = unknown
/usr/convex/getsysinfo = unknown
/usr/bin/hostinfo      = unknown
/bin/machine           = unknown
/usr/bin/oslevel       = unknown
/bin/universe          = unknown

PATH: /usr/local/sbin
PATH: /usr/local/bin
PATH: /usr/sbin
PATH: /usr/bin
PATH: /sbin
PATH: /bin
PATH: /usr/games
PATH: /usr/local/games
PATH: /snap/bin


## ----------- ##
## Core tests. ##
## ----------- ##

configure:2247: checking build system type
configure:2261: result: x86_64-pc-linux-gnu
configure:2281: checking host system type
configure:2294: result: x86_64-pc-linux-gnu
configure:2314: checking target system type
configure:2327: result: x86_64-pc-linux-gnu
configure:2373: checking for a BSD-compatible install
configure:2441: result: /usr/bin/install -c
configure:2452: checking whether build environment is sane
configure:2507: result: yes
configure:2658: checking for a thread-safe mkdir -p
configure:2697: result: /bin/mkdir -p
configure:2704: checking for gawk
configure:2734: result: no
configure:2704: checking for mawk
configure:2720: found /usr/bin/mawk
configure:2731: result: mawk
configure:2742: checking whether make sets $(MAKE)
configure:2764: result: yes
configure:2793: checking whether make supports nested variables
configure:2810: result: yes
configure:2899: checking whether UID '1000' is supported by ustar format
configure:2902: result: yes
configure:2909: checking whether GID '1000' is supported by ustar format
configure:2912: result: yes
configure:2920: checking how to create a ustar tar archive
configure:2931: tar --version
tar (GNU tar) 1.29
Copyright (C) 2015 Free Software Foundation, Inc.
License GPLv3+: GNU GPL version 3 or later <http://gnu.org/licenses/gpl.html>.
This is free software: you are free to change and redistribute it.
There is NO WARRANTY, to the extent permitted by law.

Written by John Gilmore and Jay Fenlason.
configure:2934: $? = 0
configure:2974: tardir=conftest.dir && eval tar --format=ustar -chf - "$tardir" >conftest.tar
configure:2977: $? = 0
configure:2981: tar -xf - <conftest.tar
configure:2984: $? = 0
configure:2986: cat conftest.dir/file
GrepMe
configure:2989: $? = 0
configure:3002: result: gnutar
configure:3064: checking nano version
configure:3070: result: 0 (release)
configure:3097: checking whether to enable maintainer-specific portions of Makefiles
configure:3106: result: yes
configure:3131: checking whether make supports nested variables
configure:3148: result: yes
configure:3247: checking how to print strings
configure:3274: result: printf
configure:3307: checking for style of include used by make
configure:3335: result: GNU
configure:3406: checking for gcc
configure:3422: found /usr/bin/gcc
configure:3433: result: gcc
configure:3662: checking for C compiler version
configure:3671: gcc --version >&5
gcc (Ubuntu 7.2.0-8ubuntu3.2) 7.2.0
Copyright (C) 2017 Free Software Foundation, Inc.
This is free software; see the source for copying conditions.  There is NO
warranty; not even for MERCHANTABILITY or FITNESS FOR A PARTICULAR PURPOSE.

configure:3682: $? = 0
configure:3671: gcc -v >&5
Using built-in specs.
COLLECT_GCC=gcc
COLLECT_LTO_WRAPPER=/usr/lib/gcc/x86_64-linux-gnu/7/lto-wrapper
OFFLOAD_TARGET_NAMES=nvptx-none
OFFLOAD_TARGET_DEFAULT=1
Target: x86_64-linux-gnu
Configured with: ../src/configure -v --with-pkgversion='Ubuntu 7.2.0-8ubuntu3.2' --with-bugurl=file:///usr/share/doc/gcc-7/README.Bugs --enable-languages=c,ada,c++,go,brig,d,fortran,objc,obj-c++ --prefix=/usr --with-gcc-major-version-only --program-suffix=-7 --program-prefix=x86_64-linux-gnu- --enable-shared --enable-linker-build-id --libexecdir=/usr/lib --without-included-gettext --enable-threads=posix --libdir=/usr/lib --enable-nls --with-sysroot=/ --enable-clocale=gnu --enable-libstdcxx-debug --enable-libstdcxx-time=yes --with-default-libstdcxx-abi=new --enable-gnu-unique-object --disable-vtable-verify --enable-libmpx --enable-plugin --enable-default-pie --with-system-zlib --with-target-system-zlib --enable-objc-gc=auto --enable-multiarch --disable-werror --with-arch-32=i686 --with-abi=m64 --with-multilib-list=m32,m64,mx32 --enable-multilib --with-tune=generic --enable-offload-targets=nvptx-none --without-cuda-driver --enable-checking=release --build=x86_64-linux-gnu --host=x86_64-linux-gnu --target=x86_64-linux-gnu
Thread model: posix
gcc version 7.2.0 (Ubuntu 7.2.0-8ubuntu3.2) 
configure:3682: $? = 0
configure:3671: gcc -V >&5
gcc: error: unrecognized command line option '-V'
gcc: fatal error: no input files
compilation terminated.
configure:3682: $? = 1
configure:3671: gcc -qversion >&5
gcc: error: unrecognized command line option '-qversion'; did you mean '--version'?
gcc: fatal error: no input files
compilation terminated.
configure:3682: $? = 1
configure:3702: checking whether the C compiler works
configure:3724: gcc    conftest.c  >&5
configure:3728: $? = 0
configure:3776: result: yes
configure:3779: checking for C compiler default output file name
configure:3781: result: a.out
configure:3787: checking for suffix of executables
configure:3794: gcc -o conftest    conftest.c  >&5
configure:3798: $? = 0
configure:3820: result: 
configure:3842: checking whether we are cross compiling
configure:3850: gcc -o conftest    conftest.c  >&5
configure:3854: $? = 0
configure:3861: ./conftest
configure:3865: $? = 0
configure:3880: result: no
configure:3885: checking for suffix of object files
configure:3907: gcc -c   conftest.c >&5
configure:3911: $? = 0
configure:3932: result: o
configure:3936: checking whether we are using the GNU C compiler
configure:3955: gcc -c   conftest.c >&5
configure:3955: $? = 0
configure:3964: result: yes
configure:3973: checking whether gcc accepts -g
configure:3993: gcc -c -g  conftest.c >&5
configure:3993: $? = 0
configure:4034: result: yes
configure:4051: checking for gcc option to accept ISO C89
configure:4114: gcc  -c -g -O2  conftest.c >&5
configure:4114: $? = 0
configure:4127: result: none needed
configure:4152: checking whether gcc understands -c and -o together
configure:4174: gcc -c conftest.c -o conftest2.o
configure:4177: $? = 0
configure:4174: gcc -c conftest.c -o conftest2.o
configure:4177: $? = 0
configure:4189: result: yes
configure:4208: checking dependency style of gcc
configure:4319: result: gcc3
configure:4334: checking for a sed that does not truncate output
configure:4398: result: /bin/sed
configure:4416: checking for grep that handles long lines and -e
configure:4474: result: /bin/grep
configure:4479: checking for egrep
configure:4541: result: /bin/grep -E
configure:4546: checking for fgrep
configure:4608: result: /bin/grep -F
configure:4643: checking for ld used by gcc
configure:4710: result: /usr/bin/ld
configure:4717: checking if the linker (/usr/bin/ld) is GNU ld
configure:4732: result: yes
configure:4744: checking for BSD- or MS-compatible name lister (nm)
configure:4798: result: /usr/bin/nm -B
configure:4928: checking the name lister (/usr/bin/nm -B) interface
configure:4935: gcc -c -g -O2  conftest.c >&5
configure:4938: /usr/bin/nm -B "conftest.o"
configure:4941: output
0000000000000000 B some_variable
configure:4948: result: BSD nm
configure:4951: checking whether ln -s works
configure:4955: result: yes
configure:4963: checking the maximum length of command line arguments
configure:5094: result: 1572864
configure:5142: checking how to convert x86_64-pc-linux-gnu file names to x86_64-pc-linux-gnu format
configure:5182: result: func_convert_file_noop
configure:5189: checking how to convert x86_64-pc-linux-gnu file names to toolchain format
configure:5209: result: func_convert_file_noop
configure:5216: checking for /usr/bin/ld option to reload object files
configure:5223: result: -r
configure:5297: checking for objdump
configure:5313: found /usr/bin/objdump
configure:5324: result: objdump
configure:5353: checking how to recognize dependent libraries
configure:5553: result: pass_all
configure:5638: checking for dlltool
configure:5668: result: no
configure:5695: checking how to associate runtime and link libraries
configure:5722: result: printf %s\n
configure:5783: checking for ar
configure:5799: found /usr/bin/ar
configure:5810: result: ar
configure:5847: checking for archiver @FILE support
configure:5864: gcc -c -g -O2  conftest.c >&5
configure:5864: $? = 0
configure:5867: ar cru libconftest.a @conftest.lst >&5
ar: `u' modifier ignored since `D' is the default (see `U')
configure:5870: $? = 0
configure:5875: ar cru libconftest.a @conftest.lst >&5
ar: `u' modifier ignored since `D' is the default (see `U')
ar: conftest.o: No such file or directory
configure:5878: $? = 1
configure:5890: result: @
configure:5948: checking for strip
configure:5964: found /usr/bin/strip
configure:5975: result: strip
configure:6047: checking for ranlib
configure:6063: found /usr/bin/ranlib
configure:6074: result: ranlib
configure:6176: checking command to parse /usr/bin/nm -B output from gcc object
configure:6329: gcc -c -g -O2  conftest.c >&5
configure:6332: $? = 0
configure:6336: /usr/bin/nm -B conftest.o \| sed -n -e 's/^.*[ ]\([ABCDGIRSTW][ABCDGIRSTW]*\)[ ][ ]*\([_A-Za-z][_A-Za-z0-9]*\)$/\1 \2 \2/p' | sed '/ __gnu_lto/d' \> conftest.nm
configure:6339: $? = 0
configure:6405: gcc -o conftest -g -O2   conftest.c conftstm.o >&5
configure:6408: $? = 0
configure:6446: result: ok
configure:6493: checking for sysroot
configure:6523: result: no
configure:6530: checking for a working dd
configure:6568: result: /bin/dd
configure:6572: checking how to truncate binary pipes
configure:6587: result: /bin/dd bs=4096 count=1
configure:6723: gcc -c -g -O2  conftest.c >&5
configure:6726: $? = 0
configure:6916: checking for mt
configure:6932: found /bin/mt
configure:6943: result: mt
configure:6966: checking if mt is a manifest tool
configure:6972: mt '-?'
configure:6980: result: no
configure:7657: checking how to run the C preprocessor
configure:7688: gcc -E  conftest.c
configure:7688: $? = 0
configure:7702: gcc -E  conftest.c
conftest.c:11:10: fatal error: ac_nonexistent.h: No such file or directory
 #include <ac_nonexistent.h>
          ^~~~~~~~~~~~~~~~~~
compilation terminated.
configure:7702: $? = 1
configure: failed program was:
| /* confdefs.h */
| #define PACKAGE_NAME "GStreamer GObject Introspection overrides for Python "
| #define PACKAGE_TARNAME "gst-python"
| #define PACKAGE_VERSION "1.8.2"
| #define PACKAGE_STRING "GStreamer GObject Introspection overrides for Python  1.8.2"
| #define PACKAGE_BUGREPORT "http://bugzilla.gnome.org/enter_bug.cgi?product=GStreamer"
| #define PACKAGE_URL ""
| #define PACKAGE "gst-python"
| #define VERSION "1.8.2"
| /* end confdefs.h.  */
| #include <ac_nonexistent.h>
configure:7727: result: gcc -E
configure:7747: gcc -E  conftest.c
configure:7747: $? = 0
configure:7761: gcc -E  conftest.c
conftest.c:11:10: fatal error: ac_nonexistent.h: No such file or directory
 #include <ac_nonexistent.h>
          ^~~~~~~~~~~~~~~~~~
compilation terminated.
configure:7761: $? = 1
configure: failed program was:
| /* confdefs.h */
| #define PACKAGE_NAME "GStreamer GObject Introspection overrides for Python "
| #define PACKAGE_TARNAME "gst-python"
| #define PACKAGE_VERSION "1.8.2"
| #define PACKAGE_STRING "GStreamer GObject Introspection overrides for Python  1.8.2"
| #define PACKAGE_BUGREPORT "http://bugzilla.gnome.org/enter_bug.cgi?product=GStreamer"
| #define PACKAGE_URL ""
| #define PACKAGE "gst-python"
| #define VERSION "1.8.2"
| /* end confdefs.h.  */
| #include <ac_nonexistent.h>
configure:7790: checking for ANSI C header files
configure:7810: gcc -c -g -O2  conftest.c >&5
configure:7810: $? = 0
configure:7883: gcc -o conftest -g -O2   conftest.c  >&5
configure:7883: $? = 0
configure:7883: ./conftest
configure:7883: $? = 0
configure:7894: result: yes
configure:7907: checking for sys/types.h
configure:7907: gcc -c -g -O2  conftest.c >&5
configure:7907: $? = 0
configure:7907: result: yes
configure:7907: checking for sys/stat.h
configure:7907: gcc -c -g -O2  conftest.c >&5
configure:7907: $? = 0
configure:7907: result: yes
configure:7907: checking for stdlib.h
configure:7907: gcc -c -g -O2  conftest.c >&5
configure:7907: $? = 0
configure:7907: result: yes
configure:7907: checking for string.h
configure:7907: gcc -c -g -O2  conftest.c >&5
configure:7907: $? = 0
configure:7907: result: yes
configure:7907: checking for memory.h
configure:7907: gcc -c -g -O2  conftest.c >&5
configure:7907: $? = 0
configure:7907: result: yes
configure:7907: checking for strings.h
configure:7907: gcc -c -g -O2  conftest.c >&5
configure:7907: $? = 0
configure:7907: result: yes
configure:7907: checking for inttypes.h
configure:7907: gcc -c -g -O2  conftest.c >&5
configure:7907: $? = 0
configure:7907: result: yes
configure:7907: checking for stdint.h
configure:7907: gcc -c -g -O2  conftest.c >&5
configure:7907: $? = 0
configure:7907: result: yes
configure:7907: checking for unistd.h
configure:7907: gcc -c -g -O2  conftest.c >&5
configure:7907: $? = 0
configure:7907: result: yes
configure:7921: checking for dlfcn.h
configure:7921: gcc -c -g -O2  conftest.c >&5
configure:7921: $? = 0
configure:7921: result: yes
configure:8470: checking for objdir
configure:8485: result: .libs
configure:8749: checking if gcc supports -fno-rtti -fno-exceptions
configure:8767: gcc -c -g -O2  -fno-rtti -fno-exceptions conftest.c >&5
cc1: warning: command line option '-fno-rtti' is valid for C++/ObjC++ but not for C
configure:8771: $? = 0
configure:8784: result: no
configure:9142: checking for gcc option to produce PIC
configure:9149: result: -fPIC -DPIC
configure:9157: checking if gcc PIC flag -fPIC -DPIC works
configure:9175: gcc -c -g -O2  -fPIC -DPIC -DPIC conftest.c >&5
configure:9179: $? = 0
configure:9192: result: yes
configure:9221: checking if gcc static flag -static works
configure:9249: result: yes
configure:9264: checking if gcc supports -c -o file.o
configure:9285: gcc -c -g -O2  -o out/conftest2.o conftest.c >&5
configure:9289: $? = 0
configure:9311: result: yes
configure:9319: checking if gcc supports -c -o file.o
configure:9366: result: yes
configure:9399: checking whether the gcc linker (/usr/bin/ld -m elf_x86_64) supports shared libraries
configure:10662: result: yes
configure:10699: checking whether -lc should be explicitly linked in
configure:10707: gcc -c -g -O2  conftest.c >&5
configure:10710: $? = 0
configure:10725: gcc -shared  -fPIC -DPIC conftest.o  -v -Wl,-soname -Wl,conftest -o conftest 2\>\&1 \| /bin/grep  -lc  \>/dev/null 2\>\&1
configure:10728: $? = 0
configure:10742: result: no
configure:10902: checking dynamic linker characteristics
configure:11483: gcc -o conftest -g -O2   -Wl,-rpath -Wl,/foo conftest.c  >&5
configure:11483: $? = 0
configure:11732: result: GNU/Linux ld.so
configure:11854: checking how to hardcode library paths into programs
configure:11879: result: immediate
configure:11981: checking for shl_load
configure:11981: gcc -o conftest -g -O2   conftest.c  >&5
/tmp/ccUARDpU.o: In function `main':
/home/ubuntu/temp/gst-python-1.8.2/conftest.c:57: undefined reference to `shl_load'
collect2: error: ld returned 1 exit status
configure:11981: $? = 1
configure: failed program was:
| /* confdefs.h */
| #define PACKAGE_NAME "GStreamer GObject Introspection overrides for Python "
| #define PACKAGE_TARNAME "gst-python"
| #define PACKAGE_VERSION "1.8.2"
| #define PACKAGE_STRING "GStreamer GObject Introspection overrides for Python  1.8.2"
| #define PACKAGE_BUGREPORT "http://bugzilla.gnome.org/enter_bug.cgi?product=GStreamer"
| #define PACKAGE_URL ""
| #define PACKAGE "gst-python"
| #define VERSION "1.8.2"
| #define STDC_HEADERS 1
| #define HAVE_SYS_TYPES_H 1
| #define HAVE_SYS_STAT_H 1
| #define HAVE_STDLIB_H 1
| #define HAVE_STRING_H 1
| #define HAVE_MEMORY_H 1
| #define HAVE_STRINGS_H 1
| #define HAVE_INTTYPES_H 1
| #define HAVE_STDINT_H 1
| #define HAVE_UNISTD_H 1
| #define HAVE_DLFCN_H 1
| #define LT_OBJDIR ".libs/"
| /* end confdefs.h.  */
| /* Define shl_load to an innocuous variant, in case <limits.h> declares shl_load.
|    For example, HP-UX 11i <limits.h> declares gettimeofday.  */
| #define shl_load innocuous_shl_load
| 
| /* System header to define __stub macros and hopefully few prototypes,
|     which can conflict with char shl_load (); below.
|     Prefer <limits.h> to <assert.h> if __STDC__ is defined, since
|     <limits.h> exists even on freestanding compilers.  */
| 
| #ifdef __STDC__
| # include <limits.h>
| #else
| # include <assert.h>
| #endif
| 
| #undef shl_load
| 
| /* Override any GCC internal prototype to avoid an error.
|    Use char because int might match the return type of a GCC
|    builtin and then its argument prototype would still apply.  */
| #ifdef __cplusplus
| extern "C"
| #endif
| char shl_load ();
| /* The GNU C library defines this for functions which it implements
|     to always fail with ENOSYS.  Some functions are actually named
|     something starting with __ and the normal name is an alias.  */
| #if defined __stub_shl_load || defined __stub___shl_load
| choke me
| #endif
| 
| int
| main ()
| {
| return shl_load ();
|   ;
|   return 0;
| }
configure:11981: result: no
configure:11985: checking for shl_load in -ldld
configure:12010: gcc -o conftest -g -O2   conftest.c -ldld   >&5
/usr/bin/ld: cannot find -ldld
collect2: error: ld returned 1 exit status
configure:12010: $? = 1
configure: failed program was:
| /* confdefs.h */
| #define PACKAGE_NAME "GStreamer GObject Introspection overrides for Python "
| #define PACKAGE_TARNAME "gst-python"
| #define PACKAGE_VERSION "1.8.2"
| #define PACKAGE_STRING "GStreamer GObject Introspection overrides for Python  1.8.2"
| #define PACKAGE_BUGREPORT "http://bugzilla.gnome.org/enter_bug.cgi?product=GStreamer"
| #define PACKAGE_URL ""
| #define PACKAGE "gst-python"
| #define VERSION "1.8.2"
| #define STDC_HEADERS 1
| #define HAVE_SYS_TYPES_H 1
| #define HAVE_SYS_STAT_H 1
| #define HAVE_STDLIB_H 1
| #define HAVE_STRING_H 1
| #define HAVE_MEMORY_H 1
| #define HAVE_STRINGS_H 1
| #define HAVE_INTTYPES_H 1
| #define HAVE_STDINT_H 1
| #define HAVE_UNISTD_H 1
| #define HAVE_DLFCN_H 1
| #define LT_OBJDIR ".libs/"
| /* end confdefs.h.  */
| 
| /* Override any GCC internal prototype to avoid an error.
|    Use char because int might match the return type of a GCC
|    builtin and then its argument prototype would still apply.  */
| #ifdef __cplusplus
| extern "C"
| #endif
| char shl_load ();
| int
| main ()
| {
| return shl_load ();
|   ;
|   return 0;
| }
configure:12019: result: no
configure:12024: checking for dlopen
configure:12024: gcc -o conftest -g -O2   conftest.c  >&5
/tmp/cc9jA9r5.o: In function `main':
/home/ubuntu/temp/gst-python-1.8.2/conftest.c:57: undefined reference to `dlopen'
collect2: error: ld returned 1 exit status
configure:12024: $? = 1
configure: failed program was:
| /* confdefs.h */
| #define PACKAGE_NAME "GStreamer GObject Introspection overrides for Python "
| #define PACKAGE_TARNAME "gst-python"
| #define PACKAGE_VERSION "1.8.2"
| #define PACKAGE_STRING "GStreamer GObject Introspection overrides for Python  1.8.2"
| #define PACKAGE_BUGREPORT "http://bugzilla.gnome.org/enter_bug.cgi?product=GStreamer"
| #define PACKAGE_URL ""
| #define PACKAGE "gst-python"
| #define VERSION "1.8.2"
| #define STDC_HEADERS 1
| #define HAVE_SYS_TYPES_H 1
| #define HAVE_SYS_STAT_H 1
| #define HAVE_STDLIB_H 1
| #define HAVE_STRING_H 1
| #define HAVE_MEMORY_H 1
| #define HAVE_STRINGS_H 1
| #define HAVE_INTTYPES_H 1
| #define HAVE_STDINT_H 1
| #define HAVE_UNISTD_H 1
| #define HAVE_DLFCN_H 1
| #define LT_OBJDIR ".libs/"
| /* end confdefs.h.  */
| /* Define dlopen to an innocuous variant, in case <limits.h> declares dlopen.
|    For example, HP-UX 11i <limits.h> declares gettimeofday.  */
| #define dlopen innocuous_dlopen
| 
| /* System header to define __stub macros and hopefully few prototypes,
|     which can conflict with char dlopen (); below.
|     Prefer <limits.h> to <assert.h> if __STDC__ is defined, since
|     <limits.h> exists even on freestanding compilers.  */
| 
| #ifdef __STDC__
| # include <limits.h>
| #else
| # include <assert.h>
| #endif
| 
| #undef dlopen
| 
| /* Override any GCC internal prototype to avoid an error.
|    Use char because int might match the return type of a GCC
|    builtin and then its argument prototype would still apply.  */
| #ifdef __cplusplus
| extern "C"
| #endif
| char dlopen ();
| /* The GNU C library defines this for functions which it implements
|     to always fail with ENOSYS.  Some functions are actually named
|     something starting with __ and the normal name is an alias.  */
| #if defined __stub_dlopen || defined __stub___dlopen
| choke me
| #endif
| 
| int
| main ()
| {
| return dlopen ();
|   ;
|   return 0;
| }
configure:12024: result: no
configure:12028: checking for dlopen in -ldl
configure:12053: gcc -o conftest -g -O2   conftest.c -ldl   >&5
configure:12053: $? = 0
configure:12062: result: yes
configure:12181: checking whether a program can dlopen itself
configure:12261: gcc -o conftest -g -O2  -DHAVE_DLFCN_H  -Wl,--export-dynamic conftest.c -ldl  >&5
configure:12264: $? = 0
configure:12282: result: yes
configure:12287: checking whether a statically linked program can dlopen itself
configure:12367: gcc -o conftest -g -O2  -DHAVE_DLFCN_H  -Wl,--export-dynamic -static conftest.c -ldl  >&5
/tmp/ccGxZQ7w.o: In function `main':
/home/ubuntu/temp/gst-python-1.8.2/configure:12346: warning: Using 'dlopen' in statically linked applications requires at runtime the shared libraries from the glibc version used for linking
/usr/bin/ld: dynamic STT_GNU_IFUNC symbol `strcmp' with pointer equality in `/usr/lib/gcc/x86_64-linux-gnu/7/../../../x86_64-linux-gnu/libc.a(strcmp.o)' can not be used when making an executable; recompile with -fPIE and relink with -pie
collect2: error: ld returned 1 exit status
configure:12370: $? = 1
configure:12388: result: no
configure:12427: checking whether stripping libraries is possible
configure:12432: result: yes
configure:12467: checking if libtool supports shared libraries
configure:12469: result: yes
configure:12472: checking whether to build shared libraries
configure:12497: result: yes
configure:12500: checking whether to build static libraries
configure:12504: result: no
configure:12590: checking for gcc
configure:12617: result: gcc
configure:12846: checking for C compiler version
configure:12855: gcc --version >&5
gcc (Ubuntu 7.2.0-8ubuntu3.2) 7.2.0
Copyright (C) 2017 Free Software Foundation, Inc.
This is free software; see the source for copying conditions.  There is NO
warranty; not even for MERCHANTABILITY or FITNESS FOR A PARTICULAR PURPOSE.

configure:12866: $? = 0
configure:12855: gcc -v >&5
Using built-in specs.
COLLECT_GCC=gcc
COLLECT_LTO_WRAPPER=/usr/lib/gcc/x86_64-linux-gnu/7/lto-wrapper
OFFLOAD_TARGET_NAMES=nvptx-none
OFFLOAD_TARGET_DEFAULT=1
Target: x86_64-linux-gnu
Configured with: ../src/configure -v --with-pkgversion='Ubuntu 7.2.0-8ubuntu3.2' --with-bugurl=file:///usr/share/doc/gcc-7/README.Bugs --enable-languages=c,ada,c++,go,brig,d,fortran,objc,obj-c++ --prefix=/usr --with-gcc-major-version-only --program-suffix=-7 --program-prefix=x86_64-linux-gnu- --enable-shared --enable-linker-build-id --libexecdir=/usr/lib --without-included-gettext --enable-threads=posix --libdir=/usr/lib --enable-nls --with-sysroot=/ --enable-clocale=gnu --enable-libstdcxx-debug --enable-libstdcxx-time=yes --with-default-libstdcxx-abi=new --enable-gnu-unique-object --disable-vtable-verify --enable-libmpx --enable-plugin --enable-default-pie --with-system-zlib --with-target-system-zlib --enable-objc-gc=auto --enable-multiarch --disable-werror --with-arch-32=i686 --with-abi=m64 --with-multilib-list=m32,m64,mx32 --enable-multilib --with-tune=generic --enable-offload-targets=nvptx-none --without-cuda-driver --enable-checking=release --build=x86_64-linux-gnu --host=x86_64-linux-gnu --target=x86_64-linux-gnu
Thread model: posix
gcc version 7.2.0 (Ubuntu 7.2.0-8ubuntu3.2) 
configure:12866: $? = 0
configure:12855: gcc -V >&5
gcc: error: unrecognized command line option '-V'
gcc: fatal error: no input files
compilation terminated.
configure:12866: $? = 1
configure:12855: gcc -qversion >&5
gcc: error: unrecognized command line option '-qversion'; did you mean '--version'?
gcc: fatal error: no input files
compilation terminated.
configure:12866: $? = 1
configure:12870: checking whether we are using the GNU C compiler
configure:12898: result: yes
configure:12907: checking whether gcc accepts -g
configure:12968: result: yes
configure:12985: checking for gcc option to accept ISO C89
configure:13061: result: none needed
configure:13086: checking whether gcc understands -c and -o together
configure:13123: result: yes
configure:13142: checking dependency style of gcc
configure:13253: result: gcc3
configure:13272: checking for gcc option to accept ISO C99
configure:13421: gcc  -c -g -O2  conftest.c >&5
configure:13421: $? = 0
configure:13434: result: none needed
configure:13542: checking for gcc option to accept ISO Standard C
configure:13553: result: none needed
configure:13575: checking for python
configure:13593: found /usr/bin/python
configure:13605: result: /usr/bin/python
configure:13626: checking for python version
configure:13633: result: 2.7
configure:13645: checking for python platform
configure:13652: result: linux2
configure:13678: checking for python script directory
configure:13713: result: ${prefix}/lib/python2.7/dist-packages
configure:13722: checking for python extension module directory
configure:13757: result: ${exec_prefix}/lib/python2.7/dist-packages
configure:13770: checking for python >= 2.7
configure:13830: checking for pkg-config
configure:13848: found /usr/bin/pkg-config
configure:13860: result: /usr/bin/pkg-config
configure:13885: checking pkg-config is at least version 0.9.0
configure:13888: result: yes
configure:13899: checking for GST
configure:13907: $PKG_CONFIG --exists --print-errors "gstreamer-$GST_API_VERSION >= $GST_REQ"
configure:13910: $? = 0
configure:13925: $PKG_CONFIG --exists --print-errors "gstreamer-$GST_API_VERSION >= $GST_REQ"
configure:13928: $? = 0
configure:13983: result: yes
configure:13999: checking for PYGOBJECT
configure:14007: $PKG_CONFIG --exists --print-errors "pygobject-3.0 >= $PYGOBJECT_REQ"
configure:14010: $? = 0
configure:14025: $PKG_CONFIG --exists --print-errors "pygobject-3.0 >= $PYGOBJECT_REQ"
configure:14028: $? = 0
configure:14083: result: yes
configure:14091: result: okay
configure:14104: checking for headers required to compile python extensions
configure:14128: gcc -E  -I/usr/include/python2.7 -I/usr/include/x86_64-linux-gnu/python2.7 conftest.c
configure:14128: $? = 0
configure:14129: result: found
configure:14204: checking for pygobject overrides directory
configure:14218: result: /usr/lib/python2.7/dist-packages/gi/overrides
configure:14225: checking for GST
configure:14309: result: yes
configure:14356: Using /usr/lib/gstreamer-1.0 as the plugin install location
configure:14365: checking for PYGOBJECT
configure:14449: result: yes
configure:14463: checking for libraries required to embed python
configure:14529: gcc -o conftest -g -O2   conftest.c  -L/usr/lib/python2.7/config-x86_64-linux-gnu -L/usr/lib -lpython2.7 -lpthread -ldl  -lutil -lm  -Xlinker -export-dynamic -Wl,-O1 -Wl,-Bsymbolic-functions >&5
configure:14529: $? = 0
configure:14530: result: yes
configure:14651: checking for valgrind
configure:14682: result: no
configure:14819: checking that generated files are newer than configure
configure:14825: result: done
configure:14860: creating ./config.status

## ---------------------- ##
## Running config.status. ##
## ---------------------- ##

This file was extended by GStreamer GObject Introspection overrides for Python  config.status 1.8.2, which was
generated by GNU Autoconf 2.69.  Invocation command line was

  CONFIG_FILES    = 
  CONFIG_HEADERS  = 
  CONFIG_LINKS    = 
  CONFIG_COMMANDS = 
  $ ./config.status 

on ubuntu-VirtualBox

config.status:1142: creating Makefile
config.status:1142: creating common/Makefile
config.status:1142: creating common/m4/Makefile
config.status:1142: creating gi/Makefile
config.status:1142: creating plugin/Makefile
config.status:1142: creating testsuite/Makefile
config.status:1142: creating gi/overrides/Makefile
config.status:1142: creating config.h
config.status:1371: executing depfiles commands
config.status:1371: executing libtool commands

## ---------------- ##
## Cache variables. ##
## ---------------- ##

ac_cv_build=x86_64-pc-linux-gnu
ac_cv_c_compiler_gnu=yes
ac_cv_env_CC_set=
ac_cv_env_CC_value=
ac_cv_env_CFLAGS_set=
ac_cv_env_CFLAGS_value=
ac_cv_env_CPPFLAGS_set=
ac_cv_env_CPPFLAGS_value=
ac_cv_env_CPP_set=
ac_cv_env_CPP_value=
ac_cv_env_GST_CFLAGS_set=
ac_cv_env_GST_CFLAGS_value=
ac_cv_env_GST_LIBS_set=
ac_cv_env_GST_LIBS_value=
ac_cv_env_LDFLAGS_set=
ac_cv_env_LDFLAGS_value=
ac_cv_env_LIBS_set=
ac_cv_env_LIBS_value=
ac_cv_env_LT_SYS_LIBRARY_PATH_set=
ac_cv_env_LT_SYS_LIBRARY_PATH_value=
ac_cv_env_PKG_CONFIG_set=
ac_cv_env_PKG_CONFIG_value=
ac_cv_env_PYGOBJECT_CFLAGS_set=
ac_cv_env_PYGOBJECT_CFLAGS_value=
ac_cv_env_PYGOBJECT_LIBS_set=
ac_cv_env_PYGOBJECT_LIBS_value=
ac_cv_env_PYTHON_set=
ac_cv_env_PYTHON_value=
ac_cv_env_VALGRIND_CFLAGS_set=
ac_cv_env_VALGRIND_CFLAGS_value=
ac_cv_env_VALGRIND_LIBS_set=
ac_cv_env_VALGRIND_LIBS_value=
ac_cv_env_build_alias_set=
ac_cv_env_build_alias_value=
ac_cv_env_host_alias_set=
ac_cv_env_host_alias_value=
ac_cv_env_target_alias_set=
ac_cv_env_target_alias_value=
ac_cv_func_dlopen=no
ac_cv_func_shl_load=no
ac_cv_header_dlfcn_h=yes
ac_cv_header_inttypes_h=yes
ac_cv_header_memory_h=yes
ac_cv_header_stdc=yes
ac_cv_header_stdint_h=yes
ac_cv_header_stdlib_h=yes
ac_cv_header_string_h=yes
ac_cv_header_strings_h=yes
ac_cv_header_sys_stat_h=yes
ac_cv_header_sys_types_h=yes
ac_cv_header_unistd_h=yes
ac_cv_host=x86_64-pc-linux-gnu
ac_cv_lib_dl_dlopen=yes
ac_cv_lib_dld_shl_load=no
ac_cv_objext=o
ac_cv_path_EGREP='/bin/grep -E'
ac_cv_path_FGREP='/bin/grep -F'
ac_cv_path_GREP=/bin/grep
ac_cv_path_PYTHON=/usr/bin/python
ac_cv_path_SED=/bin/sed
ac_cv_path_VALGRIND_PATH=no
ac_cv_path_ac_pt_PKG_CONFIG=/usr/bin/pkg-config
ac_cv_path_install='/usr/bin/install -c'
ac_cv_path_lt_DD=/bin/dd
ac_cv_path_mkdir=/bin/mkdir
ac_cv_prog_AWK=mawk
ac_cv_prog_CPP='gcc -E'
ac_cv_prog_ac_ct_AR=ar
ac_cv_prog_ac_ct_CC=gcc
ac_cv_prog_ac_ct_MANIFEST_TOOL=mt
ac_cv_prog_ac_ct_OBJDUMP=objdump
ac_cv_prog_ac_ct_RANLIB=ranlib
ac_cv_prog_ac_ct_STRIP=strip
ac_cv_prog_cc_c89=
ac_cv_prog_cc_c99=
ac_cv_prog_cc_g=yes
ac_cv_prog_cc_stdc=
ac_cv_prog_make_make_set=yes
ac_cv_target=x86_64-pc-linux-gnu
am_cv_CC_dependencies_compiler_type=gcc3
am_cv_make_support_nested_variables=yes
am_cv_prog_cc_c_o=yes
am_cv_prog_tar_ustar=gnutar
am_cv_python_platform=linux2
am_cv_python_pyexecdir='${exec_prefix}/lib/python2.7/dist-packages'
am_cv_python_pythondir='${prefix}/lib/python2.7/dist-packages'
am_cv_python_version=2.7
lt_cv_ar_at_file=@
lt_cv_archive_cmds_need_lc=no
lt_cv_deplibs_check_method=pass_all
lt_cv_dlopen=dlopen
lt_cv_dlopen_libs=-ldl
lt_cv_dlopen_self=yes
lt_cv_dlopen_self_static=no
lt_cv_file_magic_cmd='$MAGIC_CMD'
lt_cv_file_magic_test_file=
lt_cv_ld_reload_flag=-r
lt_cv_nm_interface='BSD nm'
lt_cv_objdir=.libs
lt_cv_path_LD=/usr/bin/ld
lt_cv_path_NM='/usr/bin/nm -B'
lt_cv_path_mainfest_tool=no
lt_cv_prog_compiler_c_o=yes
lt_cv_prog_compiler_pic='-fPIC -DPIC'
lt_cv_prog_compiler_pic_works=yes
lt_cv_prog_compiler_rtti_exceptions=no
lt_cv_prog_compiler_static_works=yes
lt_cv_prog_gnu_ld=yes
lt_cv_sharedlib_from_linklib_cmd='printf %s\n'
lt_cv_shlibpath_overrides_runpath=yes
lt_cv_sys_global_symbol_pipe='sed -n -e '\''s/^.*[	 ]\([ABCDGIRSTW][ABCDGIRSTW]*\)[	 ][	 ]*\([_A-Za-z][_A-Za-z0-9]*\)$/\1 \2 \2/p'\'' | sed '\''/ __gnu_lto/d'\'''
lt_cv_sys_global_symbol_to_c_name_address='sed -n -e '\''s/^: \(.*\) .*$/  {"\1", (void *) 0},/p'\'' -e '\''s/^[ABCDGIRSTW][ABCDGIRSTW]* .* \(.*\)$/  {"\1", (void *) \&\1},/p'\'''
lt_cv_sys_global_symbol_to_c_name_address_lib_prefix='sed -n -e '\''s/^: \(.*\) .*$/  {"\1", (void *) 0},/p'\'' -e '\''s/^[ABCDGIRSTW][ABCDGIRSTW]* .* \(lib.*\)$/  {"\1", (void *) \&\1},/p'\'' -e '\''s/^[ABCDGIRSTW][ABCDGIRSTW]* .* \(.*\)$/  {"lib\1", (void *) \&\1},/p'\'''
lt_cv_sys_global_symbol_to_cdecl='sed -n -e '\''s/^T .* \(.*\)$/extern int \1();/p'\'' -e '\''s/^[ABCDGIRSTW][ABCDGIRSTW]* .* \(.*\)$/extern char \1;/p'\'''
lt_cv_sys_global_symbol_to_import=
lt_cv_sys_max_cmd_len=1572864
lt_cv_to_host_file_cmd=func_convert_file_noop
lt_cv_to_tool_file_cmd=func_convert_file_noop
lt_cv_truncate_bin='/bin/dd bs=4096 count=1'
pkg_cv_GST_CFLAGS='-pthread -I/usr/include/glib-2.0 -I/usr/lib/x86_64-linux-gnu/glib-2.0/include -I/usr/include/gstreamer-1.0 '
pkg_cv_GST_LIBS='-lgstreamer-1.0 -lgobject-2.0 -lglib-2.0'
pkg_cv_PYGOBJECT_CFLAGS='-I/usr/include/pygobject-3.0 -I/usr/include/glib-2.0 -I/usr/lib/x86_64-linux-gnu/glib-2.0/include'
pkg_cv_PYGOBJECT_LIBS='-lgobject-2.0 -lglib-2.0'

## ----------------- ##
## Output variables. ##
## ----------------- ##

ACLOCAL='${SHELL} /home/ubuntu/temp/gst-python-1.8.2/missing aclocal-1.15'
ACLOCAL_AMFLAGS='-I m4 -I common/m4'
AMDEPBACKSLASH='\'
AMDEP_FALSE='#'
AMDEP_TRUE=''
AMTAR='$${TAR-tar}'
AM_BACKSLASH='\'
AM_DEFAULT_V='$(AM_DEFAULT_VERBOSITY)'
AM_DEFAULT_VERBOSITY='0'
AM_V='$(V)'
AR='ar'
AS='as'
AUTOCONF='${SHELL} /home/ubuntu/temp/gst-python-1.8.2/missing autoconf'
AUTOHEADER='${SHELL} /home/ubuntu/temp/gst-python-1.8.2/missing autoheader'
AUTOMAKE='${SHELL} /home/ubuntu/temp/gst-python-1.8.2/missing automake-1.15'
AWK='mawk'
CC='gcc'
CCDEPMODE='depmode=gcc3'
CFLAGS='-g -O2'
CPP='gcc -E'
CPPFLAGS=''
CYGPATH_W='echo'
DEFS='-DHAVE_CONFIG_H'
DEPDIR='.deps'
DLLTOOL='false'
DSYMUTIL=''
DUMPBIN=''
ECHO_C=''
ECHO_N='-n'
ECHO_T=''
EGREP='/bin/grep -E'
EXEEXT=''
FGREP='/bin/grep -F'
GREP='/bin/grep'
GST_API_VERSION='1.0'
GST_CFLAGS='-pthread -I/usr/include/glib-2.0 -I/usr/lib/x86_64-linux-gnu/glib-2.0/include -I/usr/include/gstreamer-1.0  '
GST_LIBS='-lgstreamer-1.0 -lgobject-2.0 -lglib-2.0'
GST_REQ='1.8.0'
HAVE_VALGRIND_FALSE=''
HAVE_VALGRIND_TRUE='#'
INSTALL_DATA='${INSTALL} -m 644'
INSTALL_PROGRAM='${INSTALL}'
INSTALL_SCRIPT='${INSTALL}'
INSTALL_STRIP_PROGRAM='$(install_sh) -c -s'
LD='/usr/bin/ld -m elf_x86_64'
LDFLAGS=''
LIBOBJS=''
LIBS=''
LIBTOOL='$(SHELL) $(top_builddir)/libtool'
LIPO=''
LN_S='ln -s'
LTLIBOBJS=''
LT_SYS_LIBRARY_PATH=''
MAINT=''
MAINTAINER_MODE_FALSE='#'
MAINTAINER_MODE_TRUE=''
MAKEINFO='${SHELL} /home/ubuntu/temp/gst-python-1.8.2/missing makeinfo'
MANIFEST_TOOL=':'
MKDIR_P='/bin/mkdir -p'
NM='/usr/bin/nm -B'
NMEDIT=''
OBJDUMP='objdump'
OBJEXT='o'
OTOOL64=''
OTOOL=''
PACKAGE='gst-python'
PACKAGE_BUGREPORT='http://bugzilla.gnome.org/enter_bug.cgi?product=GStreamer'
PACKAGE_NAME='GStreamer GObject Introspection overrides for Python '
PACKAGE_STRING='GStreamer GObject Introspection overrides for Python  1.8.2'
PACKAGE_TARNAME='gst-python'
PACKAGE_URL=''
PACKAGE_VERSION='1.8.2'
PACKAGE_VERSION_MAJOR='1'
PACKAGE_VERSION_MICRO='2'
PACKAGE_VERSION_MINOR='8'
PACKAGE_VERSION_NANO='0'
PACKAGE_VERSION_RELEASE='1'
PATH_SEPARATOR=':'
PKG_CONFIG='/usr/bin/pkg-config'
PLUGINDIR='/usr/lib/gstreamer-1.0'
PYEXECDIR='/usr/lib/python2.7/dist-packages'
PYGI_OVERRIDES_DIR='/usr/lib/python2.7/dist-packages/gi/overrides'
PYGOBJECT_CFLAGS='-I/usr/include/pygobject-3.0 -I/usr/include/glib-2.0 -I/usr/lib/x86_64-linux-gnu/glib-2.0/include'
PYGOBJECT_LIBS='-lgobject-2.0 -lglib-2.0'
PYGOBJECT_REQ='3.0'
PYTHON='/usr/bin/python'
PYTHONDIR='/usr/lib/python2.7/dist-packages'
PYTHON_ABI_FLAGS=''
PYTHON_EXEC_PREFIX='${exec_prefix}'
PYTHON_INCLUDES='-I/usr/include/python2.7 -I/usr/include/x86_64-linux-gnu/python2.7'
PYTHON_LIBS='-L/usr/lib/python2.7/config-x86_64-linux-gnu -L/usr/lib -lpython2.7 -lpthread -ldl  -lutil -lm  -Xlinker -export-dynamic -Wl,-O1 -Wl,-Bsymbolic-functions'
PYTHON_LIB_LOC='/usr/lib'
PYTHON_LIB_SUFFIX='G_MODULE_SUFFIX'
PYTHON_PLATFORM='linux2'
PYTHON_PREFIX='${prefix}'
PYTHON_SO='.so'
PYTHON_VERSION='2.7'
RANLIB='ranlib'
SED='/bin/sed'
SET_MAKE=''
SHELL='/bin/bash'
STRIP='strip'
VALGRIND_CFLAGS=''
VALGRIND_LIBS=''
VALGRIND_PATH='no'
VERSION='1.8.2'
ac_ct_AR='ar'
ac_ct_CC='gcc'
ac_ct_DUMPBIN=''
am__EXEEXT_FALSE=''
am__EXEEXT_TRUE='#'
am__fastdepCC_FALSE='#'
am__fastdepCC_TRUE=''
am__include='include'
am__isrc=''
am__leading_dot='.'
am__nodep='_no'
am__quote=''
am__tar='tar --format=ustar -chf - "$$tardir"'
am__untar='tar -xf -'
bindir='${exec_prefix}/bin'
build='x86_64-pc-linux-gnu'
build_alias=''
build_cpu='x86_64'
build_os='linux-gnu'
build_vendor='pc'
datadir='${datarootdir}'
datarootdir='${prefix}/share'
docdir='${datarootdir}/doc/${PACKAGE_TARNAME}'
dvidir='${docdir}'
exec_prefix='${prefix}'
host='x86_64-pc-linux-gnu'
host_alias=''
host_cpu='x86_64'
host_os='linux-gnu'
host_vendor='pc'
htmldir='${docdir}'
includedir='${prefix}/include'
infodir='${datarootdir}/info'
install_sh='${SHELL} /home/ubuntu/temp/gst-python-1.8.2/install-sh'
libdir='${exec_prefix}/lib'
libexecdir='${exec_prefix}/libexec'
localedir='${datarootdir}/locale'
localstatedir='${prefix}/var'
mandir='${datarootdir}/man'
mkdir_p='$(MKDIR_P)'
oldincludedir='/usr/include'
pdfdir='${docdir}'
pkgpyexecdir='${pyexecdir}/gst-python'
pkgpythondir='${pythondir}/gst-python'
plugindir='$(libdir)/gstreamer-1.0'
prefix='/usr'
program_transform_name='s,x,x,'
psdir='${docdir}'
pyexecdir='${exec_prefix}/lib/python2.7/dist-packages'
pythondir='${prefix}/lib/python2.7/dist-packages'
runstatedir='${localstatedir}/run'
sbindir='${exec_prefix}/sbin'
sharedstatedir='${prefix}/com'
sysconfdir='${prefix}/etc'
target='x86_64-pc-linux-gnu'
target_alias=''
target_cpu='x86_64'
target_os='linux-gnu'
target_vendor='pc'

## ----------- ##
## confdefs.h. ##
## ----------- ##

/* confdefs.h */
#define PACKAGE_NAME "GStreamer GObject Introspection overrides for Python "
#define PACKAGE_TARNAME "gst-python"
#define PACKAGE_VERSION "1.8.2"
#define PACKAGE_STRING "GStreamer GObject Introspection overrides for Python  1.8.2"
#define PACKAGE_BUGREPORT "http://bugzilla.gnome.org/enter_bug.cgi?product=GStreamer"
#define PACKAGE_URL ""
#define PACKAGE "gst-python"
#define VERSION "1.8.2"
#define STDC_HEADERS 1
#define HAVE_SYS_TYPES_H 1
#define HAVE_SYS_STAT_H 1
#define HAVE_STDLIB_H 1
#define HAVE_STRING_H 1
#define HAVE_MEMORY_H 1
#define HAVE_STRINGS_H 1
#define HAVE_INTTYPES_H 1
#define HAVE_STDINT_H 1
#define HAVE_UNISTD_H 1
#define HAVE_DLFCN_H 1
#define LT_OBJDIR ".libs/"
#define GST_API_VERSION "1.0"
#define GST_API_VERSION "1.0"
#define PLUGINDIR "/usr/lib/gstreamer-1.0"

configure: exit 0
